<?xml version="1.0" encoding="UTF-8"?>
<!-- Generated by org.testng.reporters.JUnitReportReporter -->
<testsuite skipped="0" hostname="THR009-QA" name="com.techbeamers.testng.SeleniumWebdriverTest" tests="1" failures="0" timestamp="25 Apr 2019 15:39:39 GMT" time="9.282" errors="0">
  <testcase name="MyFirstTestNGTestCase" time="9.282" classname="com.techbeamers.testng.SeleniumWebdriverTest"/>
</testsuite> <!-- com.techbeamers.testng.SeleniumWebdriverTest -->
